<?xml version="1.0" encoding="UTF-8"?>
<phpunit>
  <php>
    <var name="DB_DSN" value="sqlite:test.sqlite"/>
  </php>
</phpunit>
