<?xml version="1.0" encoding="UTF-8"?>
<phpunit>
  <php>
    <var name="DB_DSN" value="mysql:host=127.0.0.1;dbname=testdb;port=3306;charset=utf8"/>
    <var name="DB_NAME" value="testdb"/>
    <var name="DB_USER" value="testuser"/>
    <var name="DB_PASSWORD" value="testpass"/>
  </php>
</phpunit>
